{"numFailedTestSuites":0,"numFailedTests":0,"numPassedTestSuites":28,"numPassedTests":174,"numPendingTestSuites":0,"numPendingTests":0,"numRuntimeErrorTestSuites":0,"numTodoTests":0,"numTotalTestSuites":28,"numTotalTests":174,"openHandles":[],"snapshot":{"added":0,"didUpdate":false,"failure":false,"filesAdded":0,"filesRemoved":0,"filesRemovedList":[],"filesUnmatched":0,"filesUpdated":0,"matched":0,"total":0,"unchecked":0,"uncheckedKeysByFile":[],"unmatched":0,"updated":0},"startTime":1777667139167,"success":true,"testResults":[{"assertionResults":[{"ancestorTitles":["rate"],"duration":6,"failing":false,"failureDetails":[],"failureMessages":[],"fullName":"rate rate accepts and runs a placket-luce model by default","invocations":1,"location":null,"numPassingAsserts":1,"retryReasons":[],"startAt":1777667140153,"status":"passed","title":"rate accepts and runs a placket-luce model by default"},{"ancestorTitles":["rate"],"duration":1,"failing":false,"failureDetails":[],"failureMessages":[],"fullName":"rate rate accepts and runs a placket-luce model with tau","invocations":1,"location":null,"numPassingAsserts":1,"retryReasons":[],"startAt":1777667140161,"status":"passed","title":"rate accepts and runs a placket-luce model with tau"},{"ancestorTitles":["rate"],"duration":1,"failing":false,"failureDetails":[],"failureMessages":[],"fullName":"rate rate accepts and runs a placket-luce model with tau and prevent_sigma_increase","invocations":1,"location":null,"numPassingAsserts":2,"retryReasons":[],"startAt":1777667140163,"status":"passed","title":"rate accepts and runs a placket-luce model with tau and prevent_sigma_increase"},{"ancestorTitles":["rate"],"duration":0,"failing":false,"failureDetails":[],"failureMessages":[],"fullName":"rate rate accepts and runs a placket-luce model by default for teams","invocations":1,"location":null,"numPassingAsserts":1,"retryReasons":[],"startAt":1777667140165,"status":"passed","title":"rate accepts and runs a placket-luce model by default for teams"},{"ancestorTitles":["rate"],"duration":1,"failing":false,"failureDetails":[],"failureMessages":[],"fullName":"rate rate accepts and runs a placket-luce model by default for teams with tau","invocations":1,"location":null,"numPassingAsserts":1,"retryReasons":[],"startAt":1777667140166,"status":"passed","title":"rate accepts and runs a placket-luce model by default for teams with tau"},{"ancestorTitles":["rate"],"duration":0,"failing":false,"failureDetails":[],"failureMessages":[],"fullName":"rate rate accepts and runs a placket-luce model by default for teams with tau and prevent_sigma_increase","invocations":1,"location":null,"numPassingAsserts":2,"retryReasons":[],"startAt":1777667140168,"status":"passed","title":"rate accepts and runs a placket-luce model by default for teams with tau and prevent_sigma_increase"},{"ancestorTitles":["rate"],"duration":1,"failing":false,"failureDetails":[],"failureMessages":[],"fullName":"rate reverses rank","invocations":1,"location":null,"numPassingAsserts":1,"retryReasons":[],"startAt":1777667140169,"status":"passed","title":"reverses rank"},{"ancestorTitles":["rate"],"duration":0,"failing":false,"failureDetails":[],"failureMessages":[],"fullName":"rate keeps rank","invocations":1,"location":null,"numPassingAsserts":1,"retryReasons":[],"startAt":1777667140171,"status":"passed","title":"keeps rank"},{"ancestorTitles":["rate"],"duration":1,"failing":false,"failureDetails":[],"failureMessages":[],"fullName":"rate accepts a misordered rank ordering","invocations":1,"location":null,"numPassingAsserts":1,"retryReasons":[],"startAt":1777667140172,"status":"passed","title":"accepts a misordered rank ordering"},{"ancestorTitles":["rate"],"duration":0,"failing":false,"failureDetails":[],"failureMessages":[],"fullName":"rate accepts a rate ordering","invocations":1,"location":null,"numPassingAsserts":1,"retryReasons":[],"startAt":1777667140174,"status":"passed","title":"accepts a rate ordering"},{"ancestorTitles":["rate"],"duration":1,"failing":false,"failureDetails":[],"failureMessages":[],"fullName":"rate accepts teams in rating order","invocations":1,"location":null,"numPassingAsserts":1,"retryReasons":[],"startAt":1777667140175,"status":"passed","title":"accepts teams in rating order"},{"ancestorTitles":["rate"],"duration":1,"failing":false,"failureDetails":[],"failureMessages":[],"fullName":"rate allows ties","invocations":1,"location":null,"numPassingAsserts":1,"retryReasons":[],"startAt":1777667140176,"status":"passed","title":"allows ties"},{"ancestorTitles":["rate"],"duration":0,"failing":false,"failureDetails":[],"failureMessages":[],"fullName":"rate allows ties with reorder","invocations":1,"location":null,"numPassingAsserts":1,"retryReasons":[],"startAt":1777667140178,"status":"passed","title":"allows ties with reorder"},{"ancestorTitles":["rate"],"duration":1,"failing":false,"failureDetails":[],"failureMessages":[],"fullName":"rate four-way-tie with newbies","invocations":1,"location":null,"numPassingAsserts":1,"retryReasons":[],"startAt":1777667140179,"status":"passed","title":"four-way-tie with newbies"},{"ancestorTitles":["rate"],"duration":1,"failing":false,"failureDetails":[],"failureMessages":[],"fullName":"rate fixes orders of ties","invocations":1,"location":null,"numPassingAsserts":1,"retryReasons":[],"startAt":1777667140180,"status":"passed","title":"fixes orders of ties"},{"ancestorTitles":["rate"],"duration":2,"failing":false,"failureDetails":[],"failureMessages":[],"fullName":"rate runs a model with ties for first","invocations":1,"location":null,"numPassingAsserts":1,"retryReasons":[],"startAt":1777667140181,"status":"passed","title":"runs a model with ties for first"},{"ancestorTitles":["rate"],"duration":1,"failing":false,"failureDetails":[],"failureMessages":[],"fullName":"rate accepts a score instead of rank","invocations":1,"location":null,"numPassingAsserts":1,"retryReasons":[],"startAt":1777667140184,"status":"passed","title":"accepts a score instead of rank"},{"ancestorTitles":["rate"],"duration":1,"failing":false,"failureDetails":[],"failureMessages":[],"fullName":"rate accepts weights for partial play","invocations":1,"location":null,"numPassingAsserts":1,"retryReasons":[],"startAt":1777667140185,"status":"passed","title":"accepts weights for partial play"},{"ancestorTitles":["rate"],"duration":0,"failing":false,"failureDetails":[],"failureMessages":[],"fullName":"rate accepts a tau term","invocations":1,"location":null,"numPassingAsserts":1,"retryReasons":[],"startAt":1777667140187,"status":"passed","title":"accepts a tau term"},{"ancestorTitles":["rate"],"duration":4,"failing":false,"failureDetails":[],"failureMessages":[],"fullName":"rate prevents sigma from rising","invocations":1,"location":null,"numPassingAsserts":1,"retryReasons":[],"startAt":1777667140188,"status":"passed","title":"prevents sigma from rising"},{"ancestorTitles":["rate"],"duration":1,"failing":false,"failureDetails":[],"failureMessages":[],"fullName":"rate prevents sigma rising with old syntax","invocations":1,"location":null,"numPassingAsserts":1,"retryReasons":[],"startAt":1777667140192,"status":"passed","title":"prevents sigma rising with old syntax"}],"endTime":1777667140195,"message":"","name":"C:\\Users\\anton\\Documents\\openskilljs\\src\\__tests__\\rate.test.ts","startTime":1777667139327,"status":"passed","summary":""},{"assertionResults":[{"ancestorTitles":["thurstoneMostellerPart"],"duration":1,"failing":false,"failureDetails":[],"failureMessages":[],"fullName":"thurstoneMostellerPart solo game does not change rating","invocations":1,"location":null,"numPassingAsserts":1,"retryReasons":[],"startAt":1777667140344,"status":"passed","title":"solo game does not change rating"},{"ancestorTitles":["thurstoneMostellerPart"],"duration":1,"failing":false,"failureDetails":[],"failureMessages":[],"fullName":"thurstoneMostellerPart 2p FFA","invocations":1,"location":null,"numPassingAsserts":1,"retryReasons":[],"startAt":1777667140346,"status":"passed","title":"2p FFA"},{"ancestorTitles":["thurstoneMostellerPart"],"duration":0,"failing":false,"failureDetails":[],"failureMessages":[],"fullName":"thurstoneMostellerPart 3p FFA","invocations":1,"location":null,"numPassingAsserts":1,"retryReasons":[],"startAt":1777667140348,"status":"passed","title":"3p FFA"},{"ancestorTitles":["thurstoneMostellerPart"],"duration":1,"failing":false,"failureDetails":[],"failureMessages":[],"fullName":"thurstoneMostellerPart 4p FFA","invocations":1,"location":null,"numPassingAsserts":1,"retryReasons":[],"startAt":1777667140349,"status":"passed","title":"4p FFA"},{"ancestorTitles":["thurstoneMostellerPart"],"duration":1,"failing":false,"failureDetails":[],"failureMessages":[],"fullName":"thurstoneMostellerPart 5p FFA","invocations":1,"location":null,"numPassingAsserts":1,"retryReasons":[],"startAt":1777667140350,"status":"passed","title":"5p FFA"},{"ancestorTitles":["thurstoneMostellerPart"],"duration":1,"failing":false,"failureDetails":[],"failureMessages":[],"fullName":"thurstoneMostellerPart 3 teams different sized players","invocations":1,"location":null,"numPassingAsserts":1,"retryReasons":[],"startAt":1777667140352,"status":"passed","title":"3 teams different sized players"},{"ancestorTitles":["thurstoneMostellerPart"],"duration":1,"failing":false,"failureDetails":[],"failureMessages":[],"fullName":"thurstoneMostellerPart can use a custom gamma with k=2","invocations":1,"location":null,"numPassingAsserts":1,"retryReasons":[],"startAt":1777667140353,"status":"passed","title":"can use a custom gamma with k=2"},{"ancestorTitles":["thurstoneMostellerPart"],"duration":0,"failing":false,"failureDetails":[],"failureMessages":[],"fullName":"thurstoneMostellerPart can use a custom gamma with k=5","invocations":1,"location":null,"numPassingAsserts":1,"retryReasons":[],"startAt":1777667140355,"status":"passed","title":"can use a custom gamma with k=5"}],"endTime":1777667140356,"message":"","name":"C:\\Users\\anton\\Documents\\openskilljs\\src\\models\\__tests__\\thurstone-mosteller-part.test.ts","startTime":1777667140205,"status":"passed","summary":""},{"assertionResults":[{"ancestorTitles":["predictWin"],"duration":1,"failing":false,"failureDetails":[],"failureMessages":[],"fullName":"predictWin predicts win outcome for two teams","invocations":1,"location":null,"numPassingAsserts":2,"retryReasons":[],"startAt":1777667140495,"status":"passed","title":"predicts win outcome for two teams"},{"ancestorTitles":["predictWin"],"duration":2,"failing":false,"failureDetails":[],"failureMessages":[],"fullName":"predictWin ignores rankings","invocations":1,"location":null,"numPassingAsserts":1,"retryReasons":[],"startAt":1777667140497,"status":"passed","title":"ignores rankings"},{"ancestorTitles":["predictWin"],"duration":0,"failing":false,"failureDetails":[],"failureMessages":[],"fullName":"predictWin predicts win outcome for multiple asymmetric teams","invocations":1,"location":null,"numPassingAsserts":4,"retryReasons":[],"startAt":1777667140500,"status":"passed","title":"predicts win outcome for multiple asymmetric teams"},{"ancestorTitles":["predictWin"],"duration":1,"failing":false,"failureDetails":[],"failureMessages":[],"fullName":"predictWin 3 player newbie FFA","invocations":1,"location":null,"numPassingAsserts":3,"retryReasons":[],"startAt":1777667140501,"status":"passed","title":"3 player newbie FFA"},{"ancestorTitles":["predictWin"],"duration":1,"failing":false,"failureDetails":[],"failureMessages":[],"fullName":"predictWin 4 player newbie FFA","invocations":1,"location":null,"numPassingAsserts":4,"retryReasons":[],"startAt":1777667140502,"status":"passed","title":"4 player newbie FFA"},{"ancestorTitles":["predictWin"],"duration":0,"failing":false,"failureDetails":[],"failureMessages":[],"fullName":"predictWin 4 players of varying skill","invocations":1,"location":null,"numPassingAsserts":4,"retryReasons":[],"startAt":1777667140504,"status":"passed","title":"4 players of varying skill"},{"ancestorTitles":["predictWin"],"duration":0,"failing":false,"failureDetails":[],"failureMessages":[],"fullName":"predictWin 5 player newbie FFA","invocations":1,"location":null,"numPassingAsserts":5,"retryReasons":[],"startAt":1777667140505,"status":"passed","title":"5 player newbie FFA"},{"ancestorTitles":["predictWin"],"duration":0,"failing":false,"failureDetails":[],"failureMessages":[],"fullName":"predictWin probabilities always sum to 1 (2 teams)","invocations":1,"location":null,"numPassingAsserts":1,"retryReasons":[],"startAt":1777667140506,"status":"passed","title":"probabilities always sum to 1 (2 teams)"},{"ancestorTitles":["predictWin"],"duration":1,"failing":false,"failureDetails":[],"failureMessages":[],"fullName":"predictWin probabilities always sum to 1 (5 teams, mirroring openskill.py)","invocations":1,"location":null,"numPassingAsserts":1,"retryReasons":[],"startAt":1777667140507,"status":"passed","title":"probabilities always sum to 1 (5 teams, mirroring openskill.py)"},{"ancestorTitles":["predictWin"],"duration":1,"failing":false,"failureDetails":[],"failureMessages":[],"fullName":"predictWin 5 player FFA with an impostor","invocations":1,"location":null,"numPassingAsserts":5,"retryReasons":[],"startAt":1777667140508,"status":"passed","title":"5 player FFA with an impostor"}],"endTime":1777667140510,"message":"","name":"C:\\Users\\anton\\Documents\\openskilljs\\src\\__tests__\\predict-win.test.ts","startTime":1777667140364,"status":"passed","summary":""},{"assertionResults":[{"ancestorTitles":["bradleyTerryPart"],"duration":2,"failing":false,"failureDetails":[],"failureMessages":[],"fullName":"bradleyTerryPart solo game does not change rating","invocations":1,"location":null,"numPassingAsserts":1,"retryReasons":[],"startAt":1777667140656,"status":"passed","title":"solo game does not change rating"},{"ancestorTitles":["bradleyTerryPart"],"duration":1,"failing":false,"failureDetails":[],"failureMessages":[],"fullName":"bradleyTerryPart 2p FFA","invocations":1,"location":null,"numPassingAsserts":1,"retryReasons":[],"startAt":1777667140658,"status":"passed","title":"2p FFA"},{"ancestorTitles":["bradleyTerryPart"],"duration":1,"failing":false,"failureDetails":[],"failureMessages":[],"fullName":"bradleyTerryPart 3p FFA","invocations":1,"location":null,"numPassingAsserts":1,"retryReasons":[],"startAt":1777667140659,"status":"passed","title":"3p FFA"},{"ancestorTitles":["bradleyTerryPart"],"duration":1,"failing":false,"failureDetails":[],"failureMessages":[],"fullName":"bradleyTerryPart 4p FFA","invocations":1,"location":null,"numPassingAsserts":1,"retryReasons":[],"startAt":1777667140660,"status":"passed","title":"4p FFA"},{"ancestorTitles":["bradleyTerryPart"],"duration":0,"failing":false,"failureDetails":[],"failureMessages":[],"fullName":"bradleyTerryPart 5p FFA","invocations":1,"location":null,"numPassingAsserts":1,"retryReasons":[],"startAt":1777667140662,"status":"passed","title":"5p FFA"},{"ancestorTitles":["bradleyTerryPart"],"duration":0,"failing":false,"failureDetails":[],"failureMessages":[],"fullName":"bradleyTerryPart 3 teams different sized players","invocations":1,"location":null,"numPassingAsserts":1,"retryReasons":[],"startAt":1777667140663,"status":"passed","title":"3 teams different sized players"},{"ancestorTitles":["bradleyTerryPart"],"duration":0,"failing":false,"failureDetails":[],"failureMessages":[],"fullName":"bradleyTerryPart can use a custom gamma with k=2","invocations":1,"location":null,"numPassingAsserts":1,"retryReasons":[],"startAt":1777667140664,"status":"passed","title":"can use a custom gamma with k=2"},{"ancestorTitles":["bradleyTerryPart"],"duration":0,"failing":false,"failureDetails":[],"failureMessages":[],"fullName":"bradleyTerryPart can use a custom gamma with k=5","invocations":1,"location":null,"numPassingAsserts":1,"retryReasons":[],"startAt":1777667140665,"status":"passed","title":"can use a custom gamma with k=5"}],"endTime":1777667140666,"message":"","name":"C:\\Users\\anton\\Documents\\openskilljs\\src\\models\\__tests__\\bradley-terry-part.test.ts","startTime":1777667140523,"status":"passed","summary":""},{"assertionResults":[{"ancestorTitles":["predictDraw"],"duration":1,"failing":false,"failureDetails":[],"failureMessages":[],"fullName":"predictDraw if a tree falls in the forest","invocations":1,"location":null,"numPassingAsserts":1,"retryReasons":[],"startAt":1777667140805,"status":"passed","title":"if a tree falls in the forest"},{"ancestorTitles":["predictDraw"],"duration":0,"failing":false,"failureDetails":[],"failureMessages":[],"fullName":"predictDraw mirrors results from python","invocations":1,"location":null,"numPassingAsserts":1,"retryReasons":[],"startAt":1777667140807,"status":"passed","title":"mirrors results from python"},{"ancestorTitles":["predictDraw"],"duration":0,"failing":false,"failureDetails":[],"failureMessages":[],"fullName":"predictDraw gives a low probability in a 5 team match","invocations":1,"location":null,"numPassingAsserts":1,"retryReasons":[],"startAt":1777667140808,"status":"passed","title":"gives a low probability in a 5 team match"},{"ancestorTitles":["predictDraw"],"duration":1,"failing":false,"failureDetails":[],"failureMessages":[],"fullName":"predictDraw gives a higher probability with fewer players","invocations":1,"location":null,"numPassingAsserts":1,"retryReasons":[],"startAt":1777667140809,"status":"passed","title":"gives a higher probability with fewer players"},{"ancestorTitles":["predictDraw"],"duration":0,"failing":false,"failureDetails":[],"failureMessages":[],"fullName":"predictDraw returns NaN when one team of nobody","invocations":1,"location":null,"numPassingAsserts":1,"retryReasons":[],"startAt":1777667140810,"status":"passed","title":"returns NaN when one team of nobody"},{"ancestorTitles":["predictDraw"],"duration":0,"failing":false,"failureDetails":[],"failureMessages":[],"fullName":"predictDraw returns one when two teams of nobody","invocations":1,"location":null,"numPassingAsserts":1,"retryReasons":[],"startAt":1777667140811,"status":"passed","title":"returns one when two teams of nobody"},{"ancestorTitles":["predictDraw"],"duration":0,"failing":false,"failureDetails":[],"failureMessages":[],"fullName":"predictDraw returns NaN when only one team","invocations":1,"location":null,"numPassingAsserts":1,"retryReasons":[],"startAt":1777667140812,"status":"passed","title":"returns NaN when only one team"},{"ancestorTitles":["predictDraw"],"duration":0,"failing":false,"failureDetails":[],"failureMessages":[],"fullName":"predictDraw returns 1 when one team verses an empty team","invocations":1,"location":null,"numPassingAsserts":1,"retryReasons":[],"startAt":1777667140813,"status":"passed","title":"returns 1 when one team verses an empty team"},{"ancestorTitles":["predictDraw"],"duration":0,"failing":false,"failureDetails":[],"failureMessages":[],"fullName":"predictDraw identical single-player teams have ~50% draw probability","invocations":1,"location":null,"numPassingAsserts":1,"retryReasons":[],"startAt":1777667140814,"status":"passed","title":"identical single-player teams have ~50% draw probability"},{"ancestorTitles":["predictDraw"],"duration":0,"failing":false,"failureDetails":[],"failureMessages":[],"fullName":"predictDraw gives expected draw probability in a 2-team match with confident ratings","invocations":1,"location":null,"numPassingAsserts":1,"retryReasons":[],"startAt":1777667140815,"status":"passed","title":"gives expected draw probability in a 2-team match with confident ratings"},{"ancestorTitles":["predictDraw"],"duration":0,"failing":false,"failureDetails":[],"failureMessages":[],"fullName":"predictDraw gives lower draw probability in a 5-team match with confident ratings","invocations":1,"location":null,"numPassingAsserts":1,"retryReasons":[],"startAt":1777667140816,"status":"passed","title":"gives lower draw probability in a 5-team match with confident ratings"},{"ancestorTitles":["predictDraw","two game, 2v2 scenario with 5th defector"],"duration":1,"failing":false,"failureDetails":[],"failureMessages":[],"fullName":"predictDraw two game, 2v2 scenario with 5th defector is a likely draw with the 5th sitting out","invocations":1,"location":null,"numPassingAsserts":1,"retryReasons":[],"startAt":1777667140816,"status":"passed","title":"is a likely draw with the 5th sitting out"},{"ancestorTitles":["predictDraw","two game, 2v2 scenario with 5th defector"],"duration":1,"failing":false,"failureDetails":[],"failureMessages":[],"fullName":"predictDraw two game, 2v2 scenario with 5th defector has draw probabilities with hypothetical mashups","invocations":1,"location":null,"numPassingAsserts":1,"retryReasons":[],"startAt":1777667140817,"status":"passed","title":"has draw probabilities with hypothetical mashups"}],"endTime":1777667140819,"message":"","name":"C:\\Users\\anton\\Documents\\openskilljs\\src\\__tests__\\predict-draw.test.ts","startTime":1777667140675,"status":"passed","summary":""},{"assertionResults":[{"ancestorTitles":["bradleyTerryFull"],"duration":1,"failing":false,"failureDetails":[],"failureMessages":[],"fullName":"bradleyTerryFull solo game does not change rating","invocations":1,"location":null,"numPassingAsserts":1,"retryReasons":[],"startAt":1777667140954,"status":"passed","title":"solo game does not change rating"},{"ancestorTitles":["bradleyTerryFull"],"duration":1,"failing":false,"failureDetails":[],"failureMessages":[],"fullName":"bradleyTerryFull 2p FFA","invocations":1,"location":null,"numPassingAsserts":1,"retryReasons":[],"startAt":1777667140955,"status":"passed","title":"2p FFA"},{"ancestorTitles":["bradleyTerryFull"],"duration":0,"failing":false,"failureDetails":[],"failureMessages":[],"fullName":"bradleyTerryFull 3p FFA","invocations":1,"location":null,"numPassingAsserts":1,"retryReasons":[],"startAt":1777667140957,"status":"passed","title":"3p FFA"},{"ancestorTitles":["bradleyTerryFull"],"duration":1,"failing":false,"failureDetails":[],"failureMessages":[],"fullName":"bradleyTerryFull 4p FFA","invocations":1,"location":null,"numPassingAsserts":1,"retryReasons":[],"startAt":1777667140958,"status":"passed","title":"4p FFA"},{"ancestorTitles":["bradleyTerryFull"],"duration":0,"failing":false,"failureDetails":[],"failureMessages":[],"fullName":"bradleyTerryFull 5p FFA","invocations":1,"location":null,"numPassingAsserts":1,"retryReasons":[],"startAt":1777667140960,"status":"passed","title":"5p FFA"},{"ancestorTitles":["bradleyTerryFull"],"duration":0,"failing":false,"failureDetails":[],"failureMessages":[],"fullName":"bradleyTerryFull 3 teams different sized players","invocations":1,"location":null,"numPassingAsserts":1,"retryReasons":[],"startAt":1777667140961,"status":"passed","title":"3 teams different sized players"},{"ancestorTitles":["bradleyTerryFull"],"duration":0,"failing":false,"failureDetails":[],"failureMessages":[],"fullName":"bradleyTerryFull can use a custom gamma with k=2","invocations":1,"location":null,"numPassingAsserts":1,"retryReasons":[],"startAt":1777667140962,"status":"passed","title":"can use a custom gamma with k=2"},{"ancestorTitles":["bradleyTerryFull"],"duration":1,"failing":false,"failureDetails":[],"failureMessages":[],"fullName":"bradleyTerryFull can use a custom gamma with k=5","invocations":1,"location":null,"numPassingAsserts":1,"retryReasons":[],"startAt":1777667140963,"status":"passed","title":"can use a custom gamma with k=5"}],"endTime":1777667140965,"message":"","name":"C:\\Users\\anton\\Documents\\openskilljs\\src\\models\\__tests__\\bradley-terry-full.test.ts","startTime":1777667140830,"status":"passed","summary":""},{"assertionResults":[{"ancestorTitles":["models#index"],"duration":2,"failing":false,"failureDetails":[],"failureMessages":[],"fullName":"models#index runs BT full","invocations":1,"location":null,"numPassingAsserts":6,"retryReasons":[],"startAt":1777667141115,"status":"passed","title":"runs BT full"},{"ancestorTitles":["models#index"],"duration":1,"failing":false,"failureDetails":[],"failureMessages":[],"fullName":"models#index runs BT partial","invocations":1,"location":null,"numPassingAsserts":6,"retryReasons":[],"startAt":1777667141118,"status":"passed","title":"runs BT partial"},{"ancestorTitles":["models#index"],"duration":1,"failing":false,"failureDetails":[],"failureMessages":[],"fullName":"models#index runs PL","invocations":1,"location":null,"numPassingAsserts":6,"retryReasons":[],"startAt":1777667141120,"status":"passed","title":"runs PL"},{"ancestorTitles":["models#index"],"duration":1,"failing":false,"failureDetails":[],"failureMessages":[],"fullName":"models#index runs TM full","invocations":1,"location":null,"numPassingAsserts":6,"retryReasons":[],"startAt":1777667141121,"status":"passed","title":"runs TM full"},{"ancestorTitles":["models#index"],"duration":1,"failing":false,"failureDetails":[],"failureMessages":[],"fullName":"models#index runs TM partial","invocations":1,"location":null,"numPassingAsserts":6,"retryReasons":[],"startAt":1777667141123,"status":"passed","title":"runs TM partial"}],"endTime":1777667141125,"message":"","name":"C:\\Users\\anton\\Documents\\openskilljs\\src\\models\\__tests__\\index.test.ts","startTime":1777667140971,"status":"passed","summary":""},{"assertionResults":[{"ancestorTitles":["rating"],"duration":1,"failing":false,"failureDetails":[],"failureMessages":[],"fullName":"rating defaults mu to 25.0","invocations":1,"location":null,"numPassingAsserts":1,"retryReasons":[],"startAt":1777667141262,"status":"passed","title":"defaults mu to 25.0"},{"ancestorTitles":["rating"],"duration":0,"failing":false,"failureDetails":[],"failureMessages":[],"fullName":"rating defaults sigma to 8.333","invocations":1,"location":null,"numPassingAsserts":1,"retryReasons":[],"startAt":1777667141264,"status":"passed","title":"defaults sigma to 8.333"},{"ancestorTitles":["rating"],"duration":1,"failing":false,"failureDetails":[],"failureMessages":[],"fullName":"rating accepts a new mu","invocations":1,"location":null,"numPassingAsserts":2,"retryReasons":[],"startAt":1777667141264,"status":"passed","title":"accepts a new mu"},{"ancestorTitles":["rating"],"duration":1,"failing":false,"failureDetails":[],"failureMessages":[],"fullName":"rating accepts a new sigma","invocations":1,"location":null,"numPassingAsserts":2,"retryReasons":[],"startAt":1777667141265,"status":"passed","title":"accepts a new sigma"},{"ancestorTitles":["rating"],"duration":10,"failing":false,"failureDetails":[],"failureMessages":[],"fullName":"rating can initialize a mu of zero","invocations":1,"location":null,"numPassingAsserts":2,"retryReasons":[],"startAt":1777667141266,"status":"passed","title":"can initialize a mu of zero"},{"ancestorTitles":["rating"],"duration":0,"failing":false,"failureDetails":[],"failureMessages":[],"fullName":"rating can initialize a sigma of zero","invocations":1,"location":null,"numPassingAsserts":2,"retryReasons":[],"startAt":1777667141277,"status":"passed","title":"can initialize a sigma of zero"},{"ancestorTitles":["rating"],"duration":0,"failing":false,"failureDetails":[],"failureMessages":[],"fullName":"rating can initialize with a different Z","invocations":1,"location":null,"numPassingAsserts":2,"retryReasons":[],"startAt":1777667141278,"status":"passed","title":"can initialize with a different Z"},{"ancestorTitles":["rating"],"duration":0,"failing":false,"failureDetails":[],"failureMessages":[],"fullName":"rating can initialize with a different Z and mu","invocations":1,"location":null,"numPassingAsserts":2,"retryReasons":[],"startAt":1777667141279,"status":"passed","title":"can initialize with a different Z and mu"},{"ancestorTitles":["rating"],"duration":0,"failing":false,"failureDetails":[],"failureMessages":[],"fullName":"rating can initialize with a different Z and sigma","invocations":1,"location":null,"numPassingAsserts":2,"retryReasons":[],"startAt":1777667141280,"status":"passed","title":"can initialize with a different Z and sigma"}],"endTime":1777667141281,"message":"","name":"C:\\Users\\anton\\Documents\\openskilljs\\src\\__tests__\\rating.test.ts","startTime":1777667141133,"status":"passed","summary":""},{"assertionResults":[{"ancestorTitles":["plackettLuce"],"duration":1,"failing":false,"failureDetails":[],"failureMessages":[],"fullName":"plackettLuce solo game does not change rating","invocations":1,"location":null,"numPassingAsserts":1,"retryReasons":[],"startAt":1777667141416,"status":"passed","title":"solo game does not change rating"},{"ancestorTitles":["plackettLuce"],"duration":1,"failing":false,"failureDetails":[],"failureMessages":[],"fullName":"plackettLuce 2p FFA","invocations":1,"location":null,"numPassingAsserts":1,"retryReasons":[],"startAt":1777667141418,"status":"passed","title":"2p FFA"},{"ancestorTitles":["plackettLuce"],"duration":0,"failing":false,"failureDetails":[],"failureMessages":[],"fullName":"plackettLuce 3p FFA","invocations":1,"location":null,"numPassingAsserts":1,"retryReasons":[],"startAt":1777667141420,"status":"passed","title":"3p FFA"},{"ancestorTitles":["plackettLuce"],"duration":0,"failing":false,"failureDetails":[],"failureMessages":[],"fullName":"plackettLuce 4p FFA","invocations":1,"location":null,"numPassingAsserts":1,"retryReasons":[],"startAt":1777667141421,"status":"passed","title":"4p FFA"},{"ancestorTitles":["plackettLuce"],"duration":1,"failing":false,"failureDetails":[],"failureMessages":[],"fullName":"plackettLuce 5p FFA","invocations":1,"location":null,"numPassingAsserts":1,"retryReasons":[],"startAt":1777667141422,"status":"passed","title":"5p FFA"},{"ancestorTitles":["plackettLuce"],"duration":0,"failing":false,"failureDetails":[],"failureMessages":[],"fullName":"plackettLuce 3 teams different sized players","invocations":1,"location":null,"numPassingAsserts":1,"retryReasons":[],"startAt":1777667141424,"status":"passed","title":"3 teams different sized players"}],"endTime":1777667141425,"message":"","name":"C:\\Users\\anton\\Documents\\openskilljs\\src\\models\\__tests__\\plackett-luce.test.ts","startTime":1777667141288,"status":"passed","summary":""},{"assertionResults":[{"ancestorTitles":["thurstoneMostellerPart#series"],"duration":3,"failing":false,"failureDetails":[],"failureMessages":[],"fullName":"thurstoneMostellerPart#series runs as expected","invocations":1,"location":null,"numPassingAsserts":10,"retryReasons":[],"startAt":1777667141565,"status":"passed","title":"runs as expected"}],"endTime":1777667141569,"message":"","name":"C:\\Users\\anton\\Documents\\openskilljs\\src\\models\\__tests__\\thurstone-mosteller-part-series.test.ts","startTime":1777667141432,"status":"passed","summary":""},{"assertionResults":[{"ancestorTitles":["bradleyTerryPart#series"],"duration":2,"failing":false,"failureDetails":[],"failureMessages":[],"fullName":"bradleyTerryPart#series runs as expected","invocations":1,"location":null,"numPassingAsserts":10,"retryReasons":[],"startAt":1777667141724,"status":"passed","title":"runs as expected"}],"endTime":1777667141727,"message":"","name":"C:\\Users\\anton\\Documents\\openskilljs\\src\\models\\__tests__\\bradley-terry-part-series.test.ts","startTime":1777667141576,"status":"passed","summary":""},{"assertionResults":[{"ancestorTitles":["thurstoneMostellerFull#series"],"duration":3,"failing":false,"failureDetails":[],"failureMessages":[],"fullName":"thurstoneMostellerFull#series runs as expected","invocations":1,"location":null,"numPassingAsserts":10,"retryReasons":[],"startAt":1777667141872,"status":"passed","title":"runs as expected"}],"endTime":1777667141876,"message":"","name":"C:\\Users\\anton\\Documents\\openskilljs\\src\\models\\__tests__\\thurstone-mosteller-full-series.test.ts","startTime":1777667141746,"status":"passed","summary":""},{"assertionResults":[{"ancestorTitles":["thurstoneMostellerFull"],"duration":1,"failing":false,"failureDetails":[],"failureMessages":[],"fullName":"thurstoneMostellerFull solo game does not change rating","invocations":1,"location":null,"numPassingAsserts":1,"retryReasons":[],"startAt":1777667142015,"status":"passed","title":"solo game does not change rating"},{"ancestorTitles":["thurstoneMostellerFull"],"duration":0,"failing":false,"failureDetails":[],"failureMessages":[],"fullName":"thurstoneMostellerFull 2p FFA","invocations":1,"location":null,"numPassingAsserts":1,"retryReasons":[],"startAt":1777667142017,"status":"passed","title":"2p FFA"},{"ancestorTitles":["thurstoneMostellerFull"],"duration":1,"failing":false,"failureDetails":[],"failureMessages":[],"fullName":"thurstoneMostellerFull 3p FFA","invocations":1,"location":null,"numPassingAsserts":1,"retryReasons":[],"startAt":1777667142018,"status":"passed","title":"3p FFA"},{"ancestorTitles":["thurstoneMostellerFull"],"duration":1,"failing":false,"failureDetails":[],"failureMessages":[],"fullName":"thurstoneMostellerFull 4p FFA","invocations":1,"location":null,"numPassingAsserts":1,"retryReasons":[],"startAt":1777667142019,"status":"passed","title":"4p FFA"},{"ancestorTitles":["thurstoneMostellerFull"],"duration":0,"failing":false,"failureDetails":[],"failureMessages":[],"fullName":"thurstoneMostellerFull 5p FFA","invocations":1,"location":null,"numPassingAsserts":1,"retryReasons":[],"startAt":1777667142021,"status":"passed","title":"5p FFA"},{"ancestorTitles":["thurstoneMostellerFull"],"duration":1,"failing":false,"failureDetails":[],"failureMessages":[],"fullName":"thurstoneMostellerFull 3 teams different sized players","invocations":1,"location":null,"numPassingAsserts":1,"retryReasons":[],"startAt":1777667142022,"status":"passed","title":"3 teams different sized players"},{"ancestorTitles":["thurstoneMostellerFull"],"duration":1,"failing":false,"failureDetails":[],"failureMessages":[],"fullName":"thurstoneMostellerFull can use a custom gamma with k=2","invocations":1,"location":null,"numPassingAsserts":1,"retryReasons":[],"startAt":1777667142023,"status":"passed","title":"can use a custom gamma with k=2"},{"ancestorTitles":["thurstoneMostellerFull"],"duration":0,"failing":false,"failureDetails":[],"failureMessages":[],"fullName":"thurstoneMostellerFull can use a custom gamma with k=5","invocations":1,"location":null,"numPassingAsserts":1,"retryReasons":[],"startAt":1777667142025,"status":"passed","title":"can use a custom gamma with k=5"},{"ancestorTitles":["thurstoneMostellerFull"],"duration":1,"failing":false,"failureDetails":[],"failureMessages":[],"fullName":"thurstoneMostellerFull works with ties in ranks","invocations":1,"location":null,"numPassingAsserts":1,"retryReasons":[],"startAt":1777667142026,"status":"passed","title":"works with ties in ranks"},{"ancestorTitles":["thurstoneMostellerFull"],"duration":0,"failing":false,"failureDetails":[],"failureMessages":[],"fullName":"thurstoneMostellerFull keeps legacy results when margin is zero","invocations":1,"location":null,"numPassingAsserts":1,"retryReasons":[],"startAt":1777667142028,"status":"passed","title":"keeps legacy results when margin is zero"},{"ancestorTitles":["thurstoneMostellerFull"],"duration":0,"failing":false,"failureDetails":[],"failureMessages":[],"fullName":"thurstoneMostellerFull keeps legacy results when score is absent","invocations":1,"location":null,"numPassingAsserts":1,"retryReasons":[],"startAt":1777667142029,"status":"passed","title":"keeps legacy results when score is absent"},{"ancestorTitles":["thurstoneMostellerFull"],"duration":1,"failing":false,"failureDetails":[],"failureMessages":[],"fullName":"thurstoneMostellerFull changes updates when score gap exceeds margin","invocations":1,"location":null,"numPassingAsserts":1,"retryReasons":[],"startAt":1777667142030,"status":"passed","title":"changes updates when score gap exceeds margin"},{"ancestorTitles":["thurstoneMostellerFull"],"duration":1,"failing":false,"failureDetails":[],"failureMessages":[],"fullName":"thurstoneMostellerFull keeps scores aligned after rate reorders teams","invocations":1,"location":null,"numPassingAsserts":1,"retryReasons":[],"startAt":1777667142032,"status":"passed","title":"keeps scores aligned after rate reorders teams"}],"endTime":1777667142034,"message":"","name":"C:\\Users\\anton\\Documents\\openskilljs\\src\\models\\__tests__\\thurstone-mosteller-full.test.ts","startTime":1777667141883,"status":"passed","summary":""},{"assertionResults":[{"ancestorTitles":["bradleyTerryFull#series"],"duration":2,"failing":false,"failureDetails":[],"failureMessages":[],"fullName":"bradleyTerryFull#series runs as expected","invocations":1,"location":null,"numPassingAsserts":10,"retryReasons":[],"startAt":1777667142196,"status":"passed","title":"runs as expected"}],"endTime":1777667142200,"message":"","name":"C:\\Users\\anton\\Documents\\openskilljs\\src\\models\\__tests__\\bradley-terry-full-series.test.ts","startTime":1777667142040,"status":"passed","summary":""},{"assertionResults":[{"ancestorTitles":["util#utilA"],"duration":1,"failing":false,"failureDetails":[],"failureMessages":[],"fullName":"util#utilA utilA computes as expected","invocations":1,"location":null,"numPassingAsserts":1,"retryReasons":[],"startAt":1777667142352,"status":"passed","title":"utilA computes as expected"},{"ancestorTitles":["util#utilA"],"duration":1,"failing":false,"failureDetails":[],"failureMessages":[],"fullName":"util#utilA counts 1 team per rank","invocations":1,"location":null,"numPassingAsserts":1,"retryReasons":[],"startAt":1777667142354,"status":"passed","title":"counts 1 team per rank"},{"ancestorTitles":["util#utilA"],"duration":0,"failing":false,"failureDetails":[],"failureMessages":[],"fullName":"util#utilA counts how many teams share that rank","invocations":1,"location":null,"numPassingAsserts":1,"retryReasons":[],"startAt":1777667142356,"status":"passed","title":"counts how many teams share that rank"}],"endTime":1777667142357,"message":"","name":"C:\\Users\\anton\\Documents\\openskilljs\\src\\__tests__\\util\\util-a.test.ts","startTime":1777667142220,"status":"passed","summary":""},{"assertionResults":[{"ancestorTitles":["util#teamRating"],"duration":1,"failing":false,"failureDetails":[],"failureMessages":[],"fullName":"util#teamRating teamRating aggregates all players in a team","invocations":1,"location":null,"numPassingAsserts":1,"retryReasons":[],"startAt":1777667142499,"status":"passed","title":"teamRating aggregates all players in a team"},{"ancestorTitles":["util#teamRating"],"duration":0,"failing":false,"failureDetails":[],"failureMessages":[],"fullName":"util#teamRating teamRating aggregates 5 v 5 teams","invocations":1,"location":null,"numPassingAsserts":4,"retryReasons":[],"startAt":1777667142501,"status":"passed","title":"teamRating aggregates 5 v 5 teams"},{"ancestorTitles":["util#teamRating with balance"],"duration":1,"failing":false,"failureDetails":[],"failureMessages":[],"fullName":"util#teamRating with balance balance=false behaves identically to default","invocations":1,"location":null,"numPassingAsserts":2,"retryReasons":[],"startAt":1777667142502,"status":"passed","title":"balance=false behaves identically to default"},{"ancestorTitles":["util#teamRating with balance"],"duration":0,"failing":false,"failureDetails":[],"failureMessages":[],"fullName":"util#teamRating with balance balance=true amplifies weaker players contribution","invocations":1,"location":null,"numPassingAsserts":2,"retryReasons":[],"startAt":1777667142504,"status":"passed","title":"balance=true amplifies weaker players contribution"},{"ancestorTitles":["util#teamRating with balance"],"duration":0,"failing":false,"failureDetails":[],"failureMessages":[],"fullName":"util#teamRating with balance balance=true with equal players is same as default","invocations":1,"location":null,"numPassingAsserts":2,"retryReasons":[],"startAt":1777667142505,"status":"passed","title":"balance=true with equal players is same as default"}],"endTime":1777667142506,"message":"","name":"C:\\Users\\anton\\Documents\\openskilljs\\src\\__tests__\\util\\team-rating.test.ts","startTime":1777667142363,"status":"passed","summary":""},{"assertionResults":[{"ancestorTitles":["util#utilC"],"duration":1,"failing":false,"failureDetails":[],"failureMessages":[],"fullName":"util#utilC utilC computes as expected","invocations":1,"location":null,"numPassingAsserts":1,"retryReasons":[],"startAt":1777667142666,"status":"passed","title":"utilC computes as expected"},{"ancestorTitles":["util#utilC"],"duration":0,"failing":false,"failureDetails":[],"failureMessages":[],"fullName":"util#utilC utilSumQ computes 5v5","invocations":1,"location":null,"numPassingAsserts":1,"retryReasons":[],"startAt":1777667142668,"status":"passed","title":"utilSumQ computes 5v5"}],"endTime":1777667142669,"message":"","name":"C:\\Users\\anton\\Documents\\openskilljs\\src\\__tests__\\util\\util-c.test.ts","startTime":1777667142513,"status":"passed","summary":""},{"assertionResults":[{"ancestorTitles":["plackettLuce#series"],"duration":1,"failing":false,"failureDetails":[],"failureMessages":[],"fullName":"plackettLuce#series runs as expected","invocations":1,"location":null,"numPassingAsserts":10,"retryReasons":[],"startAt":1777667142823,"status":"passed","title":"runs as expected"}],"endTime":1777667142826,"message":"","name":"C:\\Users\\anton\\Documents\\openskilljs\\src\\models\\__tests__\\plackett-luce-series.test.ts","startTime":1777667142690,"status":"passed","summary":""},{"assertionResults":[{"ancestorTitles":["ordinal"],"duration":1,"failing":false,"failureDetails":[],"failureMessages":[],"fullName":"ordinal converts a rating into an ordinal","invocations":1,"location":null,"numPassingAsserts":1,"retryReasons":[],"startAt":1777667142976,"status":"passed","title":"converts a rating into an ordinal"},{"ancestorTitles":["ordinal"],"duration":1,"failing":false,"failureDetails":[],"failureMessages":[],"fullName":"ordinal respects alpha and target parameters","invocations":1,"location":null,"numPassingAsserts":1,"retryReasons":[],"startAt":1777667142978,"status":"passed","title":"respects alpha and target parameters"},{"ancestorTitles":["ordinal"],"duration":1,"failing":false,"failureDetails":[],"failureMessages":[],"fullName":"ordinal respects a custom Z","invocations":1,"location":null,"numPassingAsserts":1,"retryReasons":[],"startAt":1777667142979,"status":"passed","title":"respects a custom Z"}],"endTime":1777667142981,"message":"","name":"C:\\Users\\anton\\Documents\\openskilljs\\src\\__tests__\\ordinal.test.ts","startTime":1777667142836,"status":"passed","summary":""},{"assertionResults":[{"ancestorTitles":["util#utilSumQ"],"duration":1,"failing":false,"failureDetails":[],"failureMessages":[],"fullName":"util#utilSumQ utilSumQ computes as expected","invocations":1,"location":null,"numPassingAsserts":1,"retryReasons":[],"startAt":1777667143135,"status":"passed","title":"utilSumQ computes as expected"},{"ancestorTitles":["util#utilSumQ"],"duration":1,"failing":false,"failureDetails":[],"failureMessages":[],"fullName":"util#utilSumQ utilSumQ computes 5v5","invocations":1,"location":null,"numPassingAsserts":2,"retryReasons":[],"startAt":1777667143136,"status":"passed","title":"utilSumQ computes 5v5"}],"endTime":1777667143138,"message":"","name":"C:\\Users\\anton\\Documents\\openskilljs\\src\\__tests__\\util\\util-sum-q.test.ts","startTime":1777667143000,"status":"passed","summary":""},{"assertionResults":[{"ancestorTitles":["util#rankings"],"duration":1,"failing":false,"failureDetails":[],"failureMessages":[],"fullName":"util#rankings ranks a 0 element array without reordering","invocations":1,"location":null,"numPassingAsserts":1,"retryReasons":[],"startAt":1777667143262,"status":"passed","title":"ranks a 0 element array without reordering"},{"ancestorTitles":["util#rankings"],"duration":1,"failing":false,"failureDetails":[],"failureMessages":[],"fullName":"util#rankings ranks a 0 element array with reordering","invocations":1,"location":null,"numPassingAsserts":1,"retryReasons":[],"startAt":1777667143264,"status":"passed","title":"ranks a 0 element array with reordering"},{"ancestorTitles":["util#rankings"],"duration":1,"failing":false,"failureDetails":[],"failureMessages":[],"fullName":"util#rankings ranks a 1 element array without reordering","invocations":1,"location":null,"numPassingAsserts":1,"retryReasons":[],"startAt":1777667143265,"status":"passed","title":"ranks a 1 element array without reordering"},{"ancestorTitles":["util#rankings"],"duration":1,"failing":false,"failureDetails":[],"failureMessages":[],"fullName":"util#rankings ranks a 1 element array with reordering","invocations":1,"location":null,"numPassingAsserts":1,"retryReasons":[],"startAt":1777667143266,"status":"passed","title":"ranks a 1 element array with reordering"},{"ancestorTitles":["util#rankings"],"duration":1,"failing":false,"failureDetails":[],"failureMessages":[],"fullName":"util#rankings ranks given undefined","invocations":1,"location":null,"numPassingAsserts":1,"retryReasons":[],"startAt":1777667143267,"status":"passed","title":"ranks given undefined"},{"ancestorTitles":["util#rankings"],"duration":0,"failing":false,"failureDetails":[],"failureMessages":[],"fullName":"util#rankings ranks given incremental","invocations":1,"location":null,"numPassingAsserts":1,"retryReasons":[],"startAt":1777667143268,"status":"passed","title":"ranks given incremental"},{"ancestorTitles":["util#rankings"],"duration":0,"failing":false,"failureDetails":[],"failureMessages":[],"fullName":"util#rankings ranks with ties in start","invocations":1,"location":null,"numPassingAsserts":1,"retryReasons":[],"startAt":1777667143269,"status":"passed","title":"ranks with ties in start"},{"ancestorTitles":["util#rankings"],"duration":0,"failing":false,"failureDetails":[],"failureMessages":[],"fullName":"util#rankings ranks with ties at end","invocations":1,"location":null,"numPassingAsserts":1,"retryReasons":[],"startAt":1777667143270,"status":"passed","title":"ranks with ties at end"},{"ancestorTitles":["util#rankings"],"duration":1,"failing":false,"failureDetails":[],"failureMessages":[],"fullName":"util#rankings ranks with ties in the middle","invocations":1,"location":null,"numPassingAsserts":1,"retryReasons":[],"startAt":1777667143270,"status":"passed","title":"ranks with ties in the middle"},{"ancestorTitles":["util#rankings"],"duration":1,"failing":false,"failureDetails":[],"failureMessages":[],"fullName":"util#rankings ranks sparse scores","invocations":1,"location":null,"numPassingAsserts":1,"retryReasons":[],"startAt":1777667143271,"status":"passed","title":"ranks sparse scores"}],"endTime":1777667143273,"message":"","name":"C:\\Users\\anton\\Documents\\openskilljs\\src\\__tests__\\util\\rankings.test.ts","startTime":1777667143145,"status":"passed","summary":""},{"assertionResults":[{"ancestorTitles":["util#score"],"duration":1,"failing":false,"failureDetails":[],"failureMessages":[],"fullName":"util#score returns 1.0 on wins","invocations":1,"location":null,"numPassingAsserts":1,"retryReasons":[],"startAt":1777667143388,"status":"passed","title":"returns 1.0 on wins"},{"ancestorTitles":["util#score"],"duration":0,"failing":false,"failureDetails":[],"failureMessages":[],"fullName":"util#score returns 1.0 on big win","invocations":1,"location":null,"numPassingAsserts":1,"retryReasons":[],"startAt":1777667143390,"status":"passed","title":"returns 1.0 on big win"},{"ancestorTitles":["util#score"],"duration":0,"failing":false,"failureDetails":[],"failureMessages":[],"fullName":"util#score returns 0.0 on losses","invocations":1,"location":null,"numPassingAsserts":1,"retryReasons":[],"startAt":1777667143391,"status":"passed","title":"returns 0.0 on losses"},{"ancestorTitles":["util#score"],"duration":0,"failing":false,"failureDetails":[],"failureMessages":[],"fullName":"util#score returns 1.0 on big loss","invocations":1,"location":null,"numPassingAsserts":1,"retryReasons":[],"startAt":1777667143392,"status":"passed","title":"returns 1.0 on big loss"},{"ancestorTitles":["util#score"],"duration":0,"failing":false,"failureDetails":[],"failureMessages":[],"fullName":"util#score returns 0.5 on ties","invocations":1,"location":null,"numPassingAsserts":1,"retryReasons":[],"startAt":1777667143393,"status":"passed","title":"returns 0.5 on ties"}],"endTime":1777667143394,"message":"","name":"C:\\Users\\anton\\Documents\\openskilljs\\src\\__tests__\\util\\score.test.ts","startTime":1777667143281,"status":"passed","summary":""},{"assertionResults":[{"ancestorTitles":["util#ladderPairs"],"duration":1,"failing":false,"failureDetails":[],"failureMessages":[],"fullName":"util#ladderPairs ladderpairs with 0 elements","invocations":1,"location":null,"numPassingAsserts":1,"retryReasons":[],"startAt":1777667143503,"status":"passed","title":"ladderpairs with 0 elements"},{"ancestorTitles":["util#ladderPairs"],"duration":0,"failing":false,"failureDetails":[],"failureMessages":[],"fullName":"util#ladderPairs ladderpairs with 1 elements","invocations":1,"location":null,"numPassingAsserts":1,"retryReasons":[],"startAt":1777667143505,"status":"passed","title":"ladderpairs with 1 elements"},{"ancestorTitles":["util#ladderPairs"],"duration":0,"failing":false,"failureDetails":[],"failureMessages":[],"fullName":"util#ladderPairs ladderpairs with 2 elements","invocations":1,"location":null,"numPassingAsserts":1,"retryReasons":[],"startAt":1777667143506,"status":"passed","title":"ladderpairs with 2 elements"},{"ancestorTitles":["util#ladderPairs"],"duration":0,"failing":false,"failureDetails":[],"failureMessages":[],"fullName":"util#ladderPairs ladderpairs with 3 elements","invocations":1,"location":null,"numPassingAsserts":1,"retryReasons":[],"startAt":1777667143507,"status":"passed","title":"ladderpairs with 3 elements"},{"ancestorTitles":["util#ladderPairs"],"duration":0,"failing":false,"failureDetails":[],"failureMessages":[],"fullName":"util#ladderPairs ladderpairs with 4 elements","invocations":1,"location":null,"numPassingAsserts":1,"retryReasons":[],"startAt":1777667143508,"status":"passed","title":"ladderpairs with 4 elements"}],"endTime":1777667143509,"message":"","name":"C:\\Users\\anton\\Documents\\openskilljs\\src\\__tests__\\util\\ladder-pairs.test.ts","startTime":1777667143404,"status":"passed","summary":""},{"assertionResults":[{"ancestorTitles":["constants","z"],"duration":2,"failing":false,"failureDetails":[],"failureMessages":[],"fullName":"constants z defaults to 3","invocations":1,"location":null,"numPassingAsserts":1,"retryReasons":[],"startAt":1777667143555,"status":"passed","title":"defaults to 3"},{"ancestorTitles":["constants","z"],"duration":0,"failing":false,"failureDetails":[],"failureMessages":[],"fullName":"constants z accepts z override","invocations":1,"location":null,"numPassingAsserts":1,"retryReasons":[],"startAt":1777667143558,"status":"passed","title":"accepts z override"},{"ancestorTitles":["constants","mu"],"duration":0,"failing":false,"failureDetails":[],"failureMessages":[],"fullName":"constants mu defaults to 25","invocations":1,"location":null,"numPassingAsserts":1,"retryReasons":[],"startAt":1777667143559,"status":"passed","title":"defaults to 25"},{"ancestorTitles":["constants","mu"],"duration":0,"failing":false,"failureDetails":[],"failureMessages":[],"fullName":"constants mu accepts mu override","invocations":1,"location":null,"numPassingAsserts":1,"retryReasons":[],"startAt":1777667143560,"status":"passed","title":"accepts mu override"},{"ancestorTitles":["constants","tau"],"duration":0,"failing":false,"failureDetails":[],"failureMessages":[],"fullName":"constants tau is included in default export","invocations":1,"location":null,"numPassingAsserts":1,"retryReasons":[],"startAt":1777667143561,"status":"passed","title":"is included in default export"},{"ancestorTitles":["constants","tau"],"duration":0,"failing":false,"failureDetails":[],"failureMessages":[],"fullName":"constants tau accepts tau override","invocations":1,"location":null,"numPassingAsserts":1,"retryReasons":[],"startAt":1777667143562,"status":"passed","title":"accepts tau override"},{"ancestorTitles":["constants","sigma"],"duration":0,"failing":false,"failureDetails":[],"failureMessages":[],"fullName":"constants sigma defaults to 8.333333333333334","invocations":1,"location":null,"numPassingAsserts":1,"retryReasons":[],"startAt":1777667143563,"status":"passed","title":"defaults to 8.333333333333334"},{"ancestorTitles":["constants","sigma"],"duration":0,"failing":false,"failureDetails":[],"failureMessages":[],"fullName":"constants sigma accepts sigma override","invocations":1,"location":null,"numPassingAsserts":1,"retryReasons":[],"startAt":1777667143564,"status":"passed","title":"accepts sigma override"},{"ancestorTitles":["constants","epsilon"],"duration":0,"failing":false,"failureDetails":[],"failureMessages":[],"fullName":"constants epsilon defaults to 0.0001","invocations":1,"location":null,"numPassingAsserts":1,"retryReasons":[],"startAt":1777667143565,"status":"passed","title":"defaults to 0.0001"},{"ancestorTitles":["constants","epsilon"],"duration":0,"failing":false,"failureDetails":[],"failureMessages":[],"fullName":"constants epsilon accepts epsilon override","invocations":1,"location":null,"numPassingAsserts":1,"retryReasons":[],"startAt":1777667143566,"status":"passed","title":"accepts epsilon override"},{"ancestorTitles":["constants","beta"],"duration":1,"failing":false,"failureDetails":[],"failureMessages":[],"fullName":"constants beta defaults to 4.166666666666667","invocations":1,"location":null,"numPassingAsserts":1,"retryReasons":[],"startAt":1777667143566,"status":"passed","title":"defaults to 4.166666666666667"},{"ancestorTitles":["constants","beta"],"duration":1,"failing":false,"failureDetails":[],"failureMessages":[],"fullName":"constants beta accepts beta override","invocations":1,"location":null,"numPassingAsserts":1,"retryReasons":[],"startAt":1777667143567,"status":"passed","title":"accepts beta override"},{"ancestorTitles":["constants","betaSq"],"duration":0,"failing":false,"failureDetails":[],"failureMessages":[],"fullName":"constants betaSq defaults to 17.361111111111114","invocations":1,"location":null,"numPassingAsserts":1,"retryReasons":[],"startAt":1777667143568,"status":"passed","title":"defaults to 17.361111111111114"},{"ancestorTitles":["constants","limitSigma"],"duration":0,"failing":false,"failureDetails":[],"failureMessages":[],"fullName":"constants limitSigma defaults to not limiting sigma","invocations":1,"location":null,"numPassingAsserts":1,"retryReasons":[],"startAt":1777667143569,"status":"passed","title":"defaults to not limiting sigma"},{"ancestorTitles":["constants","limitSigma"],"duration":0,"failing":false,"failureDetails":[],"failureMessages":[],"fullName":"constants limitSigma accepts limitSigma flag","invocations":1,"location":null,"numPassingAsserts":1,"retryReasons":[],"startAt":1777667143571,"status":"passed","title":"accepts limitSigma flag"}],"endTime":1777667143572,"message":"","name":"C:\\Users\\anton\\Documents\\openskilljs\\src\\__tests__\\constants.test.ts","startTime":1777667143523,"status":"passed","summary":""},{"assertionResults":[{"ancestorTitles":["statistics#w"],"duration":1,"failing":false,"failureDetails":[],"failureMessages":[],"fullName":"statistics#w w(1,2)","invocations":1,"location":null,"numPassingAsserts":1,"retryReasons":[],"startAt":1777667143642,"status":"passed","title":"w(1,2)"},{"ancestorTitles":["statistics#w"],"duration":1,"failing":false,"failureDetails":[],"failureMessages":[],"fullName":"statistics#w w(0,2)","invocations":1,"location":null,"numPassingAsserts":1,"retryReasons":[],"startAt":1777667143643,"status":"passed","title":"w(0,2)"},{"ancestorTitles":["statistics#w"],"duration":1,"failing":false,"failureDetails":[],"failureMessages":[],"fullName":"statistics#w w(0,-1)","invocations":1,"location":null,"numPassingAsserts":1,"retryReasons":[],"startAt":1777667143644,"status":"passed","title":"w(0,-1)"},{"ancestorTitles":["statistics#w"],"duration":1,"failing":false,"failureDetails":[],"failureMessages":[],"fullName":"statistics#w denominator less than threshold","invocations":1,"location":null,"numPassingAsserts":1,"retryReasons":[],"startAt":1777667143645,"status":"passed","title":"denominator less than threshold"},{"ancestorTitles":["statistics#w"],"duration":0,"failing":false,"failureDetails":[],"failureMessages":[],"fullName":"statistics#w tiny denom, negative x","invocations":1,"location":null,"numPassingAsserts":1,"retryReasons":[],"startAt":1777667143646,"status":"passed","title":"tiny denom, negative x"}],"endTime":1777667143647,"message":"","name":"C:\\Users\\anton\\Documents\\openskilljs\\src\\__tests__\\statistics\\w.test.ts","startTime":1777667143579,"status":"passed","summary":""},{"assertionResults":[{"ancestorTitles":["statistics#v"],"duration":1,"failing":false,"failureDetails":[],"failureMessages":[],"fullName":"statistics#v v(1,2)","invocations":1,"location":null,"numPassingAsserts":1,"retryReasons":[],"startAt":1777667143718,"status":"passed","title":"v(1,2)"},{"ancestorTitles":["statistics#v"],"duration":0,"failing":false,"failureDetails":[],"failureMessages":[],"fullName":"statistics#v v(0,2)","invocations":1,"location":null,"numPassingAsserts":1,"retryReasons":[],"startAt":1777667143720,"status":"passed","title":"v(0,2)"},{"ancestorTitles":["statistics#v"],"duration":1,"failing":false,"failureDetails":[],"failureMessages":[],"fullName":"statistics#v v(0,-1)","invocations":1,"location":null,"numPassingAsserts":1,"retryReasons":[],"startAt":1777667143720,"status":"passed","title":"v(0,-1)"},{"ancestorTitles":["statistics#v"],"duration":0,"failing":false,"failureDetails":[],"failureMessages":[],"fullName":"statistics#v denominator less than threshold","invocations":1,"location":null,"numPassingAsserts":1,"retryReasons":[],"startAt":1777667143721,"status":"passed","title":"denominator less than threshold"}],"endTime":1777667143722,"message":"","name":"C:\\Users\\anton\\Documents\\openskilljs\\src\\__tests__\\statistics\\v.test.ts","startTime":1777667143654,"status":"passed","summary":""},{"assertionResults":[{"ancestorTitles":["statistics#vt"],"duration":1,"failing":false,"failureDetails":[],"failureMessages":[],"fullName":"statistics#vt with small b, small x","invocations":1,"location":null,"numPassingAsserts":1,"retryReasons":[],"startAt":1777667143792,"status":"passed","title":"with small b, small x"},{"ancestorTitles":["statistics#vt"],"duration":1,"failing":false,"failureDetails":[],"failureMessages":[],"fullName":"statistics#vt with small b, big x","invocations":1,"location":null,"numPassingAsserts":1,"retryReasons":[],"startAt":1777667143793,"status":"passed","title":"with small b, big x"},{"ancestorTitles":["statistics#vt"],"duration":1,"failing":false,"failureDetails":[],"failureMessages":[],"fullName":"statistics#vt with big b, small x","invocations":1,"location":null,"numPassingAsserts":1,"retryReasons":[],"startAt":1777667143794,"status":"passed","title":"with big b, small x"},{"ancestorTitles":["statistics#vt"],"duration":1,"failing":false,"failureDetails":[],"failureMessages":[],"fullName":"statistics#vt with big b, big x","invocations":1,"location":null,"numPassingAsserts":1,"retryReasons":[],"startAt":1777667143795,"status":"passed","title":"with big b, big x"}],"endTime":1777667143797,"message":"","name":"C:\\Users\\anton\\Documents\\openskilljs\\src\\__tests__\\statistics\\vt.test.ts","startTime":1777667143729,"status":"passed","summary":""},{"assertionResults":[{"ancestorTitles":["statistics#wt"],"duration":1,"failing":false,"failureDetails":[],"failureMessages":[],"fullName":"statistics#wt wt(1,2)","invocations":1,"location":null,"numPassingAsserts":1,"retryReasons":[],"startAt":1777667143868,"status":"passed","title":"wt(1,2)"},{"ancestorTitles":["statistics#wt"],"duration":0,"failing":false,"failureDetails":[],"failureMessages":[],"fullName":"statistics#wt wt(0,2)","invocations":1,"location":null,"numPassingAsserts":1,"retryReasons":[],"startAt":1777667143870,"status":"passed","title":"wt(0,2)"},{"ancestorTitles":["statistics#wt"],"duration":1,"failing":false,"failureDetails":[],"failureMessages":[],"fullName":"statistics#wt wt(0,-1)","invocations":1,"location":null,"numPassingAsserts":1,"retryReasons":[],"startAt":1777667143870,"status":"passed","title":"wt(0,-1)"},{"ancestorTitles":["statistics#wt"],"duration":0,"failing":false,"failureDetails":[],"failureMessages":[],"fullName":"statistics#wt wt(0,0)","invocations":1,"location":null,"numPassingAsserts":1,"retryReasons":[],"startAt":1777667143871,"status":"passed","title":"wt(0,0)"},{"ancestorTitles":["statistics#wt"],"duration":0,"failing":false,"failureDetails":[],"failureMessages":[],"fullName":"statistics#wt wt(0,10)","invocations":1,"location":null,"numPassingAsserts":1,"retryReasons":[],"startAt":1777667143872,"status":"passed","title":"wt(0,10)"}],"endTime":1777667143873,"message":"","name":"C:\\Users\\anton\\Documents\\openskilljs\\src\\__tests__\\statistics\\wt.test.ts","startTime":1777667143804,"status":"passed","summary":""}],"wasInterrupted":false}
